android/app/build/intermediates/manifest_merge_blame_file/release/processReleaseMainManifest/manifest-merger-blame-release-report.txt
1<?xml version="1.0" encoding="utf-8"?>
2<manifest xmlns:android="http://schemas.android.com/apk/res/android"
3    package="com.mibatida.app"
4    android:versionCode="48"
5    android:versionName="1.2.25" >
6
7    <uses-sdk
8        android:minSdkVersion="24"
9        android:targetSdkVersion="35" />
10
11    <!-- Permissions -->
12
13    <uses-permission android:name="android.permission.INTERNET" />
13-->src\main\AndroidManifest.xml:51:5-67
13-->src\main\AndroidManifest.xml:51:22-64
14    <uses-permission android:name="android.permission.ACCESS_FINE_LOCATION" />
14-->src\main\AndroidManifest.xml:52:5-79
14-->src\main\AndroidManifest.xml:52:22-76
15    <uses-permission android:name="android.permission.ACCESS_COARSE_LOCATION" />
15-->src\main\AndroidManifest.xml:53:5-81
15-->src\main\AndroidManifest.xml:53:22-78
16    <uses-permission android:name="android.permission.RECEIVE_BOOT_COMPLETED" />
16-->[:capacitor-local-notifications] AndroidManifest.xml:7:5-81
16-->[:capacitor-local-notifications] AndroidManifest.xml:7:22-78
17    <uses-permission android:name="android.permission.WAKE_LOCK" />
17-->[:capacitor-local-notifications] AndroidManifest.xml:8:5-68
17-->[:capacitor-local-notifications] AndroidManifest.xml:8:22-65
18    <uses-permission android:name="android.permission.POST_NOTIFICATIONS" />
18-->[:capacitor-local-notifications] AndroidManifest.xml:9:5-77
18-->[:capacitor-local-notifications] AndroidManifest.xml:9:22-74
19    <uses-permission android:name="android.permission.ACCESS_NETWORK_STATE" /> <!-- Required by older versions of Google Play services to create IID tokens -->
19-->[io.ionic.libs:iongeolocation-android:2.2.0] AndroidManifest.xml:7:5-79
19-->[io.ionic.libs:iongeolocation-android:2.2.0] AndroidManifest.xml:7:22-76
20    <uses-permission android:name="com.google.android.c2dm.permission.RECEIVE" />
20-->[com.google.firebase:firebase-messaging:25.0.1] AndroidManifest.xml:26:5-82
20-->[com.google.firebase:firebase-messaging:25.0.1] AndroidManifest.xml:26:22-79
21
22    <permission
22-->[androidx.core:core:1.15.0] AndroidManifest.xml:22:5-24:47
23        android:name="com.mibatida.app.DYNAMIC_RECEIVER_NOT_EXPORTED_PERMISSION"
23-->[androidx.core:core:1.15.0] AndroidManifest.xml:23:9-81
24        android:protectionLevel="signature" />
24-->[androidx.core:core:1.15.0] AndroidManifest.xml:24:9-44
25
26    <uses-permission android:name="com.mibatida.app.DYNAMIC_RECEIVER_NOT_EXPORTED_PERMISSION" />
26-->[androidx.core:core:1.15.0] AndroidManifest.xml:26:5-97
26-->[androidx.core:core:1.15.0] AndroidManifest.xml:26:22-94
27
28    <application
28-->src\main\AndroidManifest.xml:4:5-47:19
29        android:allowBackup="true"
29-->src\main\AndroidManifest.xml:5:9-35
30        android:appComponentFactory="androidx.core.app.CoreComponentFactory"
30-->[androidx.core:core:1.15.0] AndroidManifest.xml:28:18-86
31        android:extractNativeLibs="false"
32        android:icon="@mipmap/ic_launcher"
32-->src\main\AndroidManifest.xml:6:9-43
33        android:label="@string/app_name"
33-->src\main\AndroidManifest.xml:7:9-41
34        android:roundIcon="@mipmap/ic_launcher_round"
34-->src\main\AndroidManifest.xml:8:9-54
35        android:supportsRtl="true"
35-->src\main\AndroidManifest.xml:9:9-35
36        android:theme="@style/AppTheme" >
36-->src\main\AndroidManifest.xml:10:9-40
37        <meta-data
37-->src\main\AndroidManifest.xml:12:9-14:45
38            android:name="com.google.firebase.messaging.default_notification_channel_id"
38-->src\main\AndroidManifest.xml:13:13-89
39            android:value="sos-alerts-v3" />
39-->src\main\AndroidManifest.xml:14:13-42
40
41        <activity
41-->src\main\AndroidManifest.xml:16:9-36:20
42            android:name="com.mibatida.app.MainActivity"
42-->src\main\AndroidManifest.xml:18:13-41
43            android:configChanges="orientation|keyboardHidden|keyboard|screenSize|locale|smallestScreenSize|screenLayout|uiMode|navigation|density"
43-->src\main\AndroidManifest.xml:17:13-148
44            android:exported="true"
44-->src\main\AndroidManifest.xml:22:13-36
45            android:label="@string/title_activity_main"
45-->src\main\AndroidManifest.xml:19:13-56
46            android:launchMode="singleTask"
46-->src\main\AndroidManifest.xml:21:13-44
47            android:theme="@style/AppTheme.NoActionBarLaunch" >
47-->src\main\AndroidManifest.xml:20:13-62
48            <intent-filter>
48-->src\main\AndroidManifest.xml:24:13-27:29
49                <action android:name="android.intent.action.MAIN" />
49-->src\main\AndroidManifest.xml:25:17-69
49-->src\main\AndroidManifest.xml:25:25-66
50
51                <category android:name="android.intent.category.LAUNCHER" />
51-->src\main\AndroidManifest.xml:26:17-77
51-->src\main\AndroidManifest.xml:26:27-74
52            </intent-filter>
53            <intent-filter>
53-->src\main\AndroidManifest.xml:29:13-34:29
54                <action android:name="android.intent.action.VIEW" />
54-->src\main\AndroidManifest.xml:30:17-69
54-->src\main\AndroidManifest.xml:30:25-66
55
56                <category android:name="android.intent.category.DEFAULT" />
56-->src\main\AndroidManifest.xml:31:17-76
56-->src\main\AndroidManifest.xml:31:27-73
57                <category android:name="android.intent.category.BROWSABLE" />
57-->src\main\AndroidManifest.xml:32:17-78
57-->src\main\AndroidManifest.xml:32:27-75
58
59                <data
59-->src\main\AndroidManifest.xml:33:17-71
60                    android:host="join"
60-->src\main\AndroidManifest.xml:33:49-68
61                    android:scheme="mibatida" />
61-->src\main\AndroidManifest.xml:33:23-48
62            </intent-filter>
63        </activity>
64
65        <provider
66            android:name="androidx.core.content.FileProvider"
66-->src\main\AndroidManifest.xml:39:13-62
67            android:authorities="com.mibatida.app.fileprovider"
67-->src\main\AndroidManifest.xml:40:13-64
68            android:exported="false"
68-->src\main\AndroidManifest.xml:41:13-37
69            android:grantUriPermissions="true" >
69-->src\main\AndroidManifest.xml:42:13-47
70            <meta-data
70-->src\main\AndroidManifest.xml:43:13-45:64
71                android:name="android.support.FILE_PROVIDER_PATHS"
71-->src\main\AndroidManifest.xml:44:17-67
72                android:resource="@xml/file_paths" />
72-->src\main\AndroidManifest.xml:45:17-51
73        </provider>
74
75        <receiver android:name="com.capacitorjs.plugins.localnotifications.TimedNotificationPublisher" />
75-->[:capacitor-local-notifications] AndroidManifest.xml:12:9-106
75-->[:capacitor-local-notifications] AndroidManifest.xml:12:19-103
76        <receiver android:name="com.capacitorjs.plugins.localnotifications.NotificationDismissReceiver" />
76-->[:capacitor-local-notifications] AndroidManifest.xml:13:9-107
76-->[:capacitor-local-notifications] AndroidManifest.xml:13:19-104
77        <receiver
77-->[:capacitor-local-notifications] AndroidManifest.xml:14:9-23:20
78            android:name="com.capacitorjs.plugins.localnotifications.LocalNotificationRestoreReceiver"
78-->[:capacitor-local-notifications] AndroidManifest.xml:15:13-103
79            android:directBootAware="true"
79-->[:capacitor-local-notifications] AndroidManifest.xml:16:13-43
80            android:exported="false" >
80-->[:capacitor-local-notifications] AndroidManifest.xml:17:13-37
81            <intent-filter>
81-->[:capacitor-local-notifications] AndroidManifest.xml:18:13-22:29
82                <action android:name="android.intent.action.LOCKED_BOOT_COMPLETED" />
82-->[:capacitor-local-notifications] AndroidManifest.xml:19:17-86
82-->[:capacitor-local-notifications] AndroidManifest.xml:19:25-83
83                <action android:name="android.intent.action.BOOT_COMPLETED" />
83-->[:capacitor-local-notifications] AndroidManifest.xml:20:17-79
83-->[:capacitor-local-notifications] AndroidManifest.xml:20:25-76
84                <action android:name="android.intent.action.QUICKBOOT_POWERON" />
84-->[:capacitor-local-notifications] AndroidManifest.xml:21:17-82
84-->[:capacitor-local-notifications] AndroidManifest.xml:21:25-79
85            </intent-filter>
86        </receiver>
87
88        <service
88-->[:capacitor-push-notifications] AndroidManifest.xml:8:9-14:19
89            android:name="com.capacitorjs.plugins.pushnotifications.MessagingService"
89-->[:capacitor-push-notifications] AndroidManifest.xml:9:13-86
90            android:exported="false" >
90-->[:capacitor-push-notifications] AndroidManifest.xml:10:13-37
91            <intent-filter>
91-->[:capacitor-push-notifications] AndroidManifest.xml:11:13-13:29
92                <action android:name="com.google.firebase.MESSAGING_EVENT" />
92-->[:capacitor-push-notifications] AndroidManifest.xml:12:17-78
92-->[:capacitor-push-notifications] AndroidManifest.xml:12:25-75
93            </intent-filter>
94        </service>
95
96        <receiver
96-->[com.google.firebase:firebase-messaging:25.0.1] AndroidManifest.xml:29:9-40:20
97            android:name="com.google.firebase.iid.FirebaseInstanceIdReceiver"
97-->[com.google.firebase:firebase-messaging:25.0.1] AndroidManifest.xml:30:13-78
98            android:exported="true"
98-->[com.google.firebase:firebase-messaging:25.0.1] AndroidManifest.xml:31:13-36
99            android:permission="com.google.android.c2dm.permission.SEND" >
99-->[com.google.firebase:firebase-messaging:25.0.1] AndroidManifest.xml:32:13-73
100            <intent-filter>
100-->[com.google.firebase:firebase-messaging:25.0.1] AndroidManifest.xml:33:13-35:29
101                <action android:name="com.google.android.c2dm.intent.RECEIVE" />
101-->[com.google.firebase:firebase-messaging:25.0.1] AndroidManifest.xml:34:17-81
101-->[com.google.firebase:firebase-messaging:25.0.1] AndroidManifest.xml:34:25-78
102            </intent-filter>
103
104            <meta-data
104-->[com.google.firebase:firebase-messaging:25.0.1] AndroidManifest.xml:37:13-39:40
105                android:name="com.google.android.gms.cloudmessaging.FINISHED_AFTER_HANDLED"
105-->[com.google.firebase:firebase-messaging:25.0.1] AndroidManifest.xml:38:17-92
106                android:value="true" />
106-->[com.google.firebase:firebase-messaging:25.0.1] AndroidManifest.xml:39:17-37
107        </receiver>
108        <!--
109             FirebaseMessagingService performs security checks at runtime,
110             but set to not exported to explicitly avoid allowing another app to call it.
111        -->
112        <service
112-->[com.google.firebase:firebase-messaging:25.0.1] AndroidManifest.xml:46:9-53:19
113            android:name="com.google.firebase.messaging.FirebaseMessagingService"
113-->[com.google.firebase:firebase-messaging:25.0.1] AndroidManifest.xml:47:13-82
114            android:directBootAware="true"
114-->[com.google.firebase:firebase-messaging:25.0.1] AndroidManifest.xml:48:13-43
115            android:exported="false" >
115-->[com.google.firebase:firebase-messaging:25.0.1] AndroidManifest.xml:49:13-37
116            <intent-filter android:priority="-500" >
116-->[:capacitor-push-notifications] AndroidManifest.xml:11:13-13:29
117                <action android:name="com.google.firebase.MESSAGING_EVENT" />
117-->[:capacitor-push-notifications] AndroidManifest.xml:12:17-78
117-->[:capacitor-push-notifications] AndroidManifest.xml:12:25-75
118            </intent-filter>
119        </service>
120        <service
120-->[com.google.firebase:firebase-messaging:25.0.1] AndroidManifest.xml:54:9-63:19
121            android:name="com.google.firebase.components.ComponentDiscoveryService"
121-->[com.google.firebase:firebase-messaging:25.0.1] AndroidManifest.xml:55:13-84
122            android:directBootAware="true"
122-->[com.google.firebase:firebase-common:22.0.1] AndroidManifest.xml:32:13-43
123            android:exported="false" >
123-->[com.google.firebase:firebase-messaging:25.0.1] AndroidManifest.xml:56:13-37
124            <meta-data
124-->[com.google.firebase:firebase-messaging:25.0.1] AndroidManifest.xml:57:13-59:85
125                android:name="com.google.firebase.components:com.google.firebase.messaging.FirebaseMessagingKtxRegistrar"
125-->[com.google.firebase:firebase-messaging:25.0.1] AndroidManifest.xml:58:17-122
126                android:value="com.google.firebase.components.ComponentRegistrar" />
126-->[com.google.firebase:firebase-messaging:25.0.1] AndroidManifest.xml:59:17-82
127            <meta-data
127-->[com.google.firebase:firebase-messaging:25.0.1] AndroidManifest.xml:60:13-62:85
128                android:name="com.google.firebase.components:com.google.firebase.messaging.FirebaseMessagingRegistrar"
128-->[com.google.firebase:firebase-messaging:25.0.1] AndroidManifest.xml:61:17-119
129                android:value="com.google.firebase.components.ComponentRegistrar" />
129-->[com.google.firebase:firebase-messaging:25.0.1] AndroidManifest.xml:62:17-82
130            <meta-data
130-->[com.google.firebase:firebase-installations:18.0.0] AndroidManifest.xml:15:13-17:85
131                android:name="com.google.firebase.components:com.google.firebase.installations.FirebaseInstallationsKtxRegistrar"
131-->[com.google.firebase:firebase-installations:18.0.0] AndroidManifest.xml:16:17-130
132                android:value="com.google.firebase.components.ComponentRegistrar" />
132-->[com.google.firebase:firebase-installations:18.0.0] AndroidManifest.xml:17:17-82
133            <meta-data
133-->[com.google.firebase:firebase-installations:18.0.0] AndroidManifest.xml:18:13-20:85
134                android:name="com.google.firebase.components:com.google.firebase.installations.FirebaseInstallationsRegistrar"
134-->[com.google.firebase:firebase-installations:18.0.0] AndroidManifest.xml:19:17-127
135                android:value="com.google.firebase.components.ComponentRegistrar" />
135-->[com.google.firebase:firebase-installations:18.0.0] AndroidManifest.xml:20:17-82
136            <meta-data
136-->[com.google.firebase:firebase-common:22.0.1] AndroidManifest.xml:35:13-37:85
137                android:name="com.google.firebase.components:com.google.firebase.FirebaseCommonKtxRegistrar"
137-->[com.google.firebase:firebase-common:22.0.1] AndroidManifest.xml:36:17-109
138                android:value="com.google.firebase.components.ComponentRegistrar" />
138-->[com.google.firebase:firebase-common:22.0.1] AndroidManifest.xml:37:17-82
139            <meta-data
139-->[com.google.firebase:firebase-datatransport:18.2.0] AndroidManifest.xml:25:13-27:85
140                android:name="com.google.firebase.components:com.google.firebase.datatransport.TransportRegistrar"
140-->[com.google.firebase:firebase-datatransport:18.2.0] AndroidManifest.xml:26:17-115
141                android:value="com.google.firebase.components.ComponentRegistrar" />
141-->[com.google.firebase:firebase-datatransport:18.2.0] AndroidManifest.xml:27:17-82
142        </service>
143
144        <activity
144-->[com.google.android.gms:play-services-base:18.5.0] AndroidManifest.xml:5:9-173
145            android:name="com.google.android.gms.common.api.GoogleApiActivity"
145-->[com.google.android.gms:play-services-base:18.5.0] AndroidManifest.xml:5:19-85
146            android:exported="false"
146-->[com.google.android.gms:play-services-base:18.5.0] AndroidManifest.xml:5:146-170
147            android:theme="@android:style/Theme.Translucent.NoTitleBar" />
147-->[com.google.android.gms:play-services-base:18.5.0] AndroidManifest.xml:5:86-145
148
149        <provider
149-->[androidx.emoji2:emoji2:1.3.0] AndroidManifest.xml:24:9-32:20
150            android:name="androidx.startup.InitializationProvider"
150-->[androidx.emoji2:emoji2:1.3.0] AndroidManifest.xml:25:13-67
151            android:authorities="com.mibatida.app.androidx-startup"
151-->[androidx.emoji2:emoji2:1.3.0] AndroidManifest.xml:26:13-68
152            android:exported="false" >
152-->[androidx.emoji2:emoji2:1.3.0] AndroidManifest.xml:27:13-37
153            <meta-data
153-->[androidx.emoji2:emoji2:1.3.0] AndroidManifest.xml:29:13-31:52
154                android:name="androidx.emoji2.text.EmojiCompatInitializer"
154-->[androidx.emoji2:emoji2:1.3.0] AndroidManifest.xml:30:17-75
155                android:value="androidx.startup" />
155-->[androidx.emoji2:emoji2:1.3.0] AndroidManifest.xml:31:17-49
156            <meta-data
156-->[androidx.lifecycle:lifecycle-process:2.6.2] AndroidManifest.xml:29:13-31:52
157                android:name="androidx.lifecycle.ProcessLifecycleInitializer"
157-->[androidx.lifecycle:lifecycle-process:2.6.2] AndroidManifest.xml:30:17-78
158                android:value="androidx.startup" />
158-->[androidx.lifecycle:lifecycle-process:2.6.2] AndroidManifest.xml:31:17-49
159            <meta-data
159-->[androidx.profileinstaller:profileinstaller:1.3.1] AndroidManifest.xml:29:13-31:52
160                android:name="androidx.profileinstaller.ProfileInstallerInitializer"
160-->[androidx.profileinstaller:profileinstaller:1.3.1] AndroidManifest.xml:30:17-85
161                android:value="androidx.startup" />
161-->[androidx.profileinstaller:profileinstaller:1.3.1] AndroidManifest.xml:31:17-49
162        </provider>
163        <provider
163-->[com.google.firebase:firebase-common:22.0.1] AndroidManifest.xml:23:9-28:39
164            android:name="com.google.firebase.provider.FirebaseInitProvider"
164-->[com.google.firebase:firebase-common:22.0.1] AndroidManifest.xml:24:13-77
165            android:authorities="com.mibatida.app.firebaseinitprovider"
165-->[com.google.firebase:firebase-common:22.0.1] AndroidManifest.xml:25:13-72
166            android:directBootAware="true"
166-->[com.google.firebase:firebase-common:22.0.1] AndroidManifest.xml:26:13-43
167            android:exported="false"
167-->[com.google.firebase:firebase-common:22.0.1] AndroidManifest.xml:27:13-37
168            android:initOrder="100" />
168-->[com.google.firebase:firebase-common:22.0.1] AndroidManifest.xml:28:13-36
169
170        <meta-data
170-->[com.google.android.gms:play-services-basement:18.4.0] AndroidManifest.xml:6:9-122
171            android:name="com.google.android.gms.version"
171-->[com.google.android.gms:play-services-basement:18.4.0] AndroidManifest.xml:6:20-65
172            android:value="@integer/google_play_services_version" />
172-->[com.google.android.gms:play-services-basement:18.4.0] AndroidManifest.xml:6:66-119
173
174        <receiver
174-->[androidx.profileinstaller:profileinstaller:1.3.1] AndroidManifest.xml:34:9-52:20
175            android:name="androidx.profileinstaller.ProfileInstallReceiver"
175-->[androidx.profileinstaller:profileinstaller:1.3.1] AndroidManifest.xml:35:13-76
176            android:directBootAware="false"
176-->[androidx.profileinstaller:profileinstaller:1.3.1] AndroidManifest.xml:36:13-44
177            android:enabled="true"
177-->[androidx.profileinstaller:profileinstaller:1.3.1] AndroidManifest.xml:37:13-35
178            android:exported="true"
178-->[androidx.profileinstaller:profileinstaller:1.3.1] AndroidManifest.xml:38:13-36
179            android:permission="android.permission.DUMP" >
179-->[androidx.profileinstaller:profileinstaller:1.3.1] AndroidManifest.xml:39:13-57
180            <intent-filter>
180-->[androidx.profileinstaller:profileinstaller:1.3.1] AndroidManifest.xml:40:13-42:29
181                <action android:name="androidx.profileinstaller.action.INSTALL_PROFILE" />
181-->[androidx.profileinstaller:profileinstaller:1.3.1] AndroidManifest.xml:41:17-91
181-->[androidx.profileinstaller:profileinstaller:1.3.1] AndroidManifest.xml:41:25-88
182            </intent-filter>
183            <intent-filter>
183-->[androidx.profileinstaller:profileinstaller:1.3.1] AndroidManifest.xml:43:13-45:29
184                <action android:name="androidx.profileinstaller.action.SKIP_FILE" />
184-->[androidx.profileinstaller:profileinstaller:1.3.1] AndroidManifest.xml:44:17-85
184-->[androidx.profileinstaller:profileinstaller:1.3.1] AndroidManifest.xml:44:25-82
185            </intent-filter>
186            <intent-filter>
186-->[androidx.profileinstaller:profileinstaller:1.3.1] AndroidManifest.xml:46:13-48:29
187                <action android:name="androidx.profileinstaller.action.SAVE_PROFILE" />
187-->[androidx.profileinstaller:profileinstaller:1.3.1] AndroidManifest.xml:47:17-88
187-->[androidx.profileinstaller:profileinstaller:1.3.1] AndroidManifest.xml:47:25-85
188            </intent-filter>
189            <intent-filter>
189-->[androidx.profileinstaller:profileinstaller:1.3.1] AndroidManifest.xml:49:13-51:29
190                <action android:name="androidx.profileinstaller.action.BENCHMARK_OPERATION" />
190-->[androidx.profileinstaller:profileinstaller:1.3.1] AndroidManifest.xml:50:17-95
190-->[androidx.profileinstaller:profileinstaller:1.3.1] AndroidManifest.xml:50:25-92
191            </intent-filter>
192        </receiver>
193
194        <service
194-->[com.google.android.datatransport:transport-backend-cct:3.1.9] AndroidManifest.xml:28:9-34:19
195            android:name="com.google.android.datatransport.runtime.backends.TransportBackendDiscovery"
195-->[com.google.android.datatransport:transport-backend-cct:3.1.9] AndroidManifest.xml:29:13-103
196            android:exported="false" >
196-->[com.google.android.datatransport:transport-backend-cct:3.1.9] AndroidManifest.xml:30:13-37
197            <meta-data
197-->[com.google.android.datatransport:transport-backend-cct:3.1.9] AndroidManifest.xml:31:13-33:39
198                android:name="backend:com.google.android.datatransport.cct.CctBackendFactory"
198-->[com.google.android.datatransport:transport-backend-cct:3.1.9] AndroidManifest.xml:32:17-94
199                android:value="cct" />
199-->[com.google.android.datatransport:transport-backend-cct:3.1.9] AndroidManifest.xml:33:17-36
200        </service>
201        <service
201-->[com.google.android.datatransport:transport-runtime:3.1.9] AndroidManifest.xml:26:9-30:19
202            android:name="com.google.android.datatransport.runtime.scheduling.jobscheduling.JobInfoSchedulerService"
202-->[com.google.android.datatransport:transport-runtime:3.1.9] AndroidManifest.xml:27:13-117
203            android:exported="false"
203-->[com.google.android.datatransport:transport-runtime:3.1.9] AndroidManifest.xml:28:13-37
204            android:permission="android.permission.BIND_JOB_SERVICE" >
204-->[com.google.android.datatransport:transport-runtime:3.1.9] AndroidManifest.xml:29:13-69
205        </service>
206
207        <receiver
207-->[com.google.android.datatransport:transport-runtime:3.1.9] AndroidManifest.xml:32:9-34:40
208            android:name="com.google.android.datatransport.runtime.scheduling.jobscheduling.AlarmManagerSchedulerBroadcastReceiver"
208-->[com.google.android.datatransport:transport-runtime:3.1.9] AndroidManifest.xml:33:13-132
209            android:exported="false" />
209-->[com.google.android.datatransport:transport-runtime:3.1.9] AndroidManifest.xml:34:13-37
210    </application>
211
212</manifest>